<?xml version="1.0" encoding="UTF-8"?>
<testng-results skipped="0" failed="0" total="1" passed="1">
  <reporter-output>
  </reporter-output>
  <suite name="Default suite" duration-ms="35107" started-at="2019-10-10T05:55:11Z" finished-at="2019-10-10T05:55:46Z">
    <groups>
    </groups>
    <test name="Default test" duration-ms="35107" started-at="2019-10-10T05:55:11Z" finished-at="2019-10-10T05:55:46Z">
      <class name="MyTests.VerifyLogin">
        <test-method status="PASS" signature="checklogin()[pri:0, instance:MyTests.VerifyLogin@13a57a3b]" name="checklogin" duration-ms="35069" started-at="2019-10-10T11:25:11Z" finished-at="2019-10-10T11:25:46Z">
          <reporter-output>
          </reporter-output>
        </test-method> <!-- checklogin -->
      </class> <!-- MyTests.VerifyLogin -->
    </test> <!-- Default test -->
  </suite> <!-- Default suite -->
</testng-results>
